2023-01-01 09:30:15,305 INFO  [Log] ********************************** 
2023-01-01 09:30:15,305 INFO  [Log] ***************************************** 
2023-01-01 09:30:15,305 INFO  [Log] ############   My first test case is Login test ################ 
2023-01-01 09:30:15,305 INFO  [Log] ********************************** 
2023-01-01 09:30:15,305 INFO  [Log] ***************************************** 
2023-01-01 09:30:15,305 INFO  [Log] My login test is going on 
2023-01-01 09:30:15,305 INFO  [Log] My test case might be failed 
2023-01-01 09:30:17,658 INFO  [Log] My test case is about to complete 
2023-01-01 09:30:17,658 INFO  [Log] ################################## 
2023-01-01 09:30:17,659 INFO  [Log] ########################################## 
2023-01-01 09:30:17,659 INFO  [Log] ############   This is my login test again ################ 
2023-01-01 09:30:17,659 INFO  [Log] ########################## 
2023-01-01 09:30:17,659 INFO  [Log] ########################################## 
2023-01-01 09:35:23,826 INFO  [Log] ********************************** 
2023-01-01 09:35:23,826 INFO  [Log] ***************************************** 
2023-01-01 09:35:23,826 INFO  [Log] ############   My first test case is Login test ################ 
2023-01-01 09:35:23,826 INFO  [Log] ********************************** 
2023-01-01 09:35:23,826 INFO  [Log] ***************************************** 
2023-01-01 09:35:23,826 INFO  [Log] My login test is going on 
2023-01-01 09:35:23,826 INFO  [Log] My test case might be failed 
2023-01-01 09:35:29,970 INFO  [Log] My test case is about to complete 
2023-01-01 09:35:29,970 INFO  [Log] ################################## 
2023-01-01 09:35:29,970 INFO  [Log] ########################################## 
2023-01-01 09:35:29,970 INFO  [Log] ############   This is my login test again ################ 
2023-01-01 09:35:29,970 INFO  [Log] ########################## 
2023-01-01 09:35:29,970 INFO  [Log] ########################################## 
2023-01-01 09:35:31,286 INFO  [Log] ********************************** 
2023-01-01 09:35:31,286 INFO  [Log] ***************************************** 
2023-01-01 09:35:31,286 INFO  [Log] ############   My first test case is Login test ################ 
2023-01-01 09:35:31,286 INFO  [Log] ********************************** 
2023-01-01 09:35:31,286 INFO  [Log] ***************************************** 
2023-01-01 09:35:31,286 INFO  [Log] My login test is going on 
2023-01-01 09:35:31,286 INFO  [Log] My test case might be failed 
2023-01-01 09:35:33,068 INFO  [Log] My test case is about to complete 
2023-01-01 09:35:33,068 INFO  [Log] ################################## 
2023-01-01 09:35:33,068 INFO  [Log] ########################################## 
2023-01-01 09:35:33,068 INFO  [Log] ############   This is my login test again ################ 
2023-01-01 09:35:33,068 INFO  [Log] ########################## 
2023-01-01 09:35:33,068 INFO  [Log] ########################################## 
2023-01-01 09:35:34,333 INFO  [Log] ********************************** 
2023-01-01 09:35:34,333 INFO  [Log] ***************************************** 
2023-01-01 09:35:34,333 INFO  [Log] ############   My first test case is Login test ################ 
2023-01-01 09:35:34,333 INFO  [Log] ********************************** 
2023-01-01 09:35:34,334 INFO  [Log] ***************************************** 
2023-01-01 09:35:34,334 INFO  [Log] My login test is going on 
2023-01-01 09:35:34,334 INFO  [Log] My test case might be failed 
2023-01-01 09:35:36,641 INFO  [Log] My test case is about to complete 
2023-01-01 09:35:36,641 INFO  [Log] ################################## 
2023-01-01 09:35:36,641 INFO  [Log] ########################################## 
2023-01-01 09:35:36,641 INFO  [Log] ############   This is my login test again ################ 
2023-01-01 09:35:36,641 INFO  [Log] ########################## 
2023-01-01 09:35:36,641 INFO  [Log] ########################################## 
2023-01-01 09:35:37,948 INFO  [Log] ********************************** 
2023-01-01 09:35:37,948 INFO  [Log] ***************************************** 
2023-01-01 09:35:37,948 INFO  [Log] ############   My first test case is Login test ################ 
2023-01-01 09:35:37,948 INFO  [Log] ********************************** 
2023-01-01 09:35:37,948 INFO  [Log] ***************************************** 
2023-01-01 09:35:37,948 INFO  [Log] My login test is going on 
2023-01-01 09:35:37,948 INFO  [Log] My test case might be failed 
2023-01-01 09:35:39,588 INFO  [Log] My test case is about to complete 
2023-01-01 09:35:39,589 INFO  [Log] ################################## 
2023-01-01 09:35:39,589 INFO  [Log] ########################################## 
2023-01-01 09:35:39,589 INFO  [Log] ############   This is my login test again ################ 
2023-01-01 09:35:39,589 INFO  [Log] ########################## 
2023-01-01 09:35:39,589 INFO  [Log] ########################################## 
2023-01-01 10:24:59,442 INFO  [Log] ********************************** 
2023-01-01 10:24:59,442 INFO  [Log] ***************************************** 
2023-01-01 10:24:59,442 INFO  [Log] ############   My first test case is Login test ################ 
2023-01-01 10:24:59,442 INFO  [Log] ********************************** 
2023-01-01 10:24:59,442 INFO  [Log] ***************************************** 
2023-01-01 10:24:59,442 INFO  [Log] My login test is going on 
2023-01-01 10:24:59,442 INFO  [Log] My test case might be failed 
2023-01-01 10:25:04,970 INFO  [Log] My test case is about to complete 
2023-01-01 10:25:04,970 INFO  [Log] ################################## 
2023-01-01 10:25:04,970 INFO  [Log] ########################################## 
2023-01-01 10:25:04,970 INFO  [Log] ############   This is my login test again ################ 
2023-01-01 10:25:04,970 INFO  [Log] ########################## 
2023-01-01 10:25:04,970 INFO  [Log] ########################################## 
2023-01-01 19:39:09,716 INFO  [Log] ********************************** 
2023-01-01 19:39:09,717 INFO  [Log] ***************************************** 
2023-01-01 19:39:09,717 INFO  [Log] ############   My first test case is Login test ################ 
2023-01-01 19:39:09,717 INFO  [Log] ********************************** 
2023-01-01 19:39:09,717 INFO  [Log] ***************************************** 
2023-01-01 19:39:09,717 INFO  [Log] My login test is going on 
2023-01-01 19:39:09,717 INFO  [Log] My test case might be failed 
2023-01-01 19:39:17,233 INFO  [Log] My test case is about to complete 
2023-01-01 19:39:17,233 INFO  [Log] ################################## 
2023-01-01 19:39:17,233 INFO  [Log] ########################################## 
2023-01-01 19:39:17,233 INFO  [Log] ############   This is my login test again ################ 
2023-01-01 19:39:17,233 INFO  [Log] ########################## 
2023-01-01 19:39:17,233 INFO  [Log] ########################################## 
2023-01-01 19:39:18,612 INFO  [Log] ********************************** 
2023-01-01 19:39:18,612 INFO  [Log] ***************************************** 
2023-01-01 19:39:18,612 INFO  [Log] ############   My first test case is Login test ################ 
2023-01-01 19:39:18,612 INFO  [Log] ********************************** 
2023-01-01 19:39:18,612 INFO  [Log] ***************************************** 
2023-01-01 19:39:18,612 INFO  [Log] My login test is going on 
2023-01-01 19:39:18,612 INFO  [Log] My test case might be failed 
2023-01-01 19:39:24,167 INFO  [Log] My test case is about to complete 
2023-01-01 19:39:24,167 INFO  [Log] ################################## 
2023-01-01 19:39:24,167 INFO  [Log] ########################################## 
2023-01-01 19:39:24,167 INFO  [Log] ############   This is my login test again ################ 
2023-01-01 19:39:24,167 INFO  [Log] ########################## 
2023-01-01 19:39:24,167 INFO  [Log] ########################################## 
2023-01-01 19:40:21,531 INFO  [Log] ********************************** 
2023-01-01 19:40:21,532 INFO  [Log] ***************************************** 
2023-01-01 19:40:21,532 INFO  [Log] ############   My first test case is Login test ################ 
2023-01-01 19:40:21,532 INFO  [Log] ********************************** 
2023-01-01 19:40:21,532 INFO  [Log] ***************************************** 
2023-01-01 19:40:21,532 INFO  [Log] My login test is going on 
2023-01-01 19:40:21,532 INFO  [Log] My test case might be failed 
2023-01-01 19:40:28,844 INFO  [Log] My test case is about to complete 
2023-01-01 19:40:28,845 INFO  [Log] ################################## 
2023-01-01 19:40:28,845 INFO  [Log] ########################################## 
2023-01-01 19:40:28,845 INFO  [Log] ############   This is my login test again ################ 
2023-01-01 19:40:28,845 INFO  [Log] ########################## 
2023-01-01 19:40:28,845 INFO  [Log] ########################################## 
